TIL/Android/MaumAlrim/client/MaumAlrim/app/build/intermediates/manifest_merge_blame_file/debug/manifest-merger-blame-debug-report.txt
1<?xml version="1.0" encoding="utf-8"?>
2<manifest xmlns:android="http://schemas.android.com/apk/res/android"
3    package="com.example.maumalrim"
4    android:versionCode="1"
5    android:versionName="1.0" >
6
7    <uses-sdk
8        android:minSdkVersion="26"
8-->src\main\AndroidManifest.xml
9        android:targetSdkVersion="29" />
9-->src\main\AndroidManifest.xml
10
11    <uses-permission android:name="android.permission.INTERNET" />
11-->src\main\AndroidManifest.xml:5:5-67
11-->src\main\AndroidManifest.xml:5:22-64
12    <uses-permission android:name="android.permission.FOREGROUND_SERVICE" />
12-->src\main\AndroidManifest.xml:6:5-77
12-->src\main\AndroidManifest.xml:6:22-74
13
14    <application
14-->src\main\AndroidManifest.xml:8:5-52:19
15        android:allowBackup="true"
15-->src\main\AndroidManifest.xml:9:9-35
16        android:appComponentFactory="androidx.core.app.CoreComponentFactory"
16-->[androidx.core:core:1.1.0] AndroidManifest.xml:24:18-86
17        android:debuggable="true"
18        android:extractNativeLibs="false"
19        android:icon="@mipmap/ic_launcher"
19-->src\main\AndroidManifest.xml:10:9-43
20        android:label="@string/app_name"
20-->src\main\AndroidManifest.xml:11:9-41
21        android:roundIcon="@mipmap/ic_launcher_round"
21-->src\main\AndroidManifest.xml:12:9-54
22        android:supportsRtl="true"
22-->src\main\AndroidManifest.xml:13:9-35
23        android:testOnly="true"
24        android:theme="@style/AppTheme"
24-->src\main\AndroidManifest.xml:14:9-40
25        android:usesCleartextTraffic="true" >
25-->src\main\AndroidManifest.xml:15:9-44
26        <activity android:name="com.example.maumalrim.ChatbotDailyActivity" />
26-->src\main\AndroidManifest.xml:16:9-67
26-->src\main\AndroidManifest.xml:16:19-55
27        <activity android:name="com.example.maumalrim.ChatbotActivity" />
27-->src\main\AndroidManifest.xml:17:9-53
27-->src\main\AndroidManifest.xml:17:19-50
28        <activity android:name="com.example.maumalrim.MyDiaryActivity" />
28-->src\main\AndroidManifest.xml:18:9-53
28-->src\main\AndroidManifest.xml:18:19-50
29        <activity android:name="com.example.maumalrim.PostChatActivity" />
29-->src\main\AndroidManifest.xml:19:9-54
29-->src\main\AndroidManifest.xml:19:19-51
30        <activity android:name="com.example.maumalrim.ChatContentsActivity" />
30-->src\main\AndroidManifest.xml:20:9-58
30-->src\main\AndroidManifest.xml:20:19-55
31        <activity android:name="com.example.maumalrim.CustomDialog" />
31-->src\main\AndroidManifest.xml:21:9-50
31-->src\main\AndroidManifest.xml:21:19-47
32        <activity android:name="com.example.maumalrim.EmployeeMainActivity" />
32-->src\main\AndroidManifest.xml:22:9-58
32-->src\main\AndroidManifest.xml:22:19-55
33        <activity android:name="com.example.maumalrim.EmployeeInfoActivity" />
33-->src\main\AndroidManifest.xml:23:9-58
33-->src\main\AndroidManifest.xml:23:19-55
34        <activity android:name="com.example.maumalrim.AdminActivity" />
34-->src\main\AndroidManifest.xml:24:9-51
34-->src\main\AndroidManifest.xml:24:19-48
35
36        <service
36-->src\main\AndroidManifest.xml:26:9-29:39
37            android:name="com.example.maumalrim.MyService"
37-->src\main\AndroidManifest.xml:27:13-38
38            android:enabled="true"
38-->src\main\AndroidManifest.xml:28:13-35
39            android:exported="true" />
39-->src\main\AndroidManifest.xml:29:13-36
40
41        <activity android:name="com.example.maumalrim.EmployeeMypageActivity" />
41-->src\main\AndroidManifest.xml:31:9-60
41-->src\main\AndroidManifest.xml:31:19-57
42        <activity
42-->src\main\AndroidManifest.xml:32:9-36:39
43            android:name="com.example.maumalrim.MainChatActivity"
43-->src\main\AndroidManifest.xml:33:13-45
44            android:excludeFromRecents="true"
44-->src\main\AndroidManifest.xml:34:13-46
45            android:launchMode="singleTask"
45-->src\main\AndroidManifest.xml:35:13-44
46            android:taskAffinity="" />
46-->src\main\AndroidManifest.xml:36:13-36
47        <activity android:name="com.example.maumalrim.EmployeeSignUpActivity" />
47-->src\main\AndroidManifest.xml:37:9-60
47-->src\main\AndroidManifest.xml:37:19-57
48        <activity
48-->src\main\AndroidManifest.xml:38:9-40:50
49            android:name="com.example.maumalrim.ChatActivity"
49-->src\main\AndroidManifest.xml:39:13-41
50            android:label="@string/title_chat" />
50-->src\main\AndroidManifest.xml:40:13-47
51        <activity android:name="com.example.maumalrim.SignInActivity" >
51-->src\main\AndroidManifest.xml:41:9-47:20
51-->src\main\AndroidManifest.xml:41:19-49
52            <intent-filter>
52-->src\main\AndroidManifest.xml:42:13-46:29
53                <action android:name="android.intent.action.MAIN" />
53-->src\main\AndroidManifest.xml:43:17-69
53-->src\main\AndroidManifest.xml:43:25-66
54
55                <category android:name="android.intent.category.LAUNCHER" />
55-->src\main\AndroidManifest.xml:45:17-77
55-->src\main\AndroidManifest.xml:45:27-74
56            </intent-filter>
57        </activity>
58        <activity android:name="com.example.maumalrim.SignUpActivity" />
58-->src\main\AndroidManifest.xml:48:9-52
58-->src\main\AndroidManifest.xml:48:19-49
59        <activity
59-->src\main\AndroidManifest.xml:49:9-51:48
60            android:name="com.example.maumalrim.MainActivity"
60-->src\main\AndroidManifest.xml:50:13-41
61            android:label="@string/app_name" />
61-->src\main\AndroidManifest.xml:51:13-45
62
63        <service
63-->[androidx.room:room-runtime:2.2.5] AndroidManifest.xml:25:9-28:40
64            android:name="androidx.room.MultiInstanceInvalidationService"
64-->[androidx.room:room-runtime:2.2.5] AndroidManifest.xml:26:13-74
65            android:directBootAware="true"
65-->[androidx.room:room-runtime:2.2.5] AndroidManifest.xml:27:13-43
66            android:exported="false" />
66-->[androidx.room:room-runtime:2.2.5] AndroidManifest.xml:28:13-37
67
68        <provider
68-->[androidx.lifecycle:lifecycle-process:2.0.0] AndroidManifest.xml:23:9-27:43
69            android:name="androidx.lifecycle.ProcessLifecycleOwnerInitializer"
69-->[androidx.lifecycle:lifecycle-process:2.0.0] AndroidManifest.xml:24:13-79
70            android:authorities="com.example.maumalrim.lifecycle-process"
70-->[androidx.lifecycle:lifecycle-process:2.0.0] AndroidManifest.xml:25:13-69
71            android:exported="false"
71-->[androidx.lifecycle:lifecycle-process:2.0.0] AndroidManifest.xml:26:13-37
72            android:multiprocess="true" />
72-->[androidx.lifecycle:lifecycle-process:2.0.0] AndroidManifest.xml:27:13-40
73    </application>
74
75</manifest>